# JRE version: OpenJDK Runtime Environment Temurin-21.0.10+7 (21.0.10+7) (build 21.0.10+7-LTS)
# Java VM: OpenJDK 64-Bit Server VM Temurin-21.0.10+7 (21.0.10+7-LTS, mixed mode, sharing, tiered, compressed oops, compressed class ptrs, parallel gc, windows-amd64)
GC Precious Log:
 CardTable entry size: 512
 CPUs: 18 total, 18 available
 Memory: 16021M
 Large Page Support: Disabled
 NUMA Support: Disabled
 Compressed Oops: Enabled (32-bit)
 Alignments: Space 512K, Generation 512K, Heap 2M
 Heap Min Capacity: 100M
 Heap Initial Capacity: 100M
 Heap Max Capacity: 2G
 Pre-touch: Disabled
 Parallel Workers: 14
Heap:
 PSYoungGen      total 10752K, used 3158K [0x00000000d5580000, 0x00000000d6200000, 0x0000000100000000)
  eden space 9728K, 25% used [0x00000000d5580000,0x00000000d57eb440,0x00000000d5f00000)
  from space 1024K, 66% used [0x00000000d6100000,0x00000000d61aa400,0x00000000d6200000)
  to   space 1536K, 0% used [0x00000000d5f00000,0x00000000d5f00000,0x00000000d6080000)
 ParOldGen       total 373760K, used 373654K [0x0000000080000000, 0x0000000096d00000, 0x00000000d5580000)
  object space 373760K, 99% used [0x0000000080000000,0x0000000096ce5908,0x0000000096d00000)
 Metaspace       used 81048K, committed 82880K, reserved 1179648K
  class space    used 8241K, committed 9088K, reserved 1048576K
GC Heap History (20 events):
Event: 1748.798 GC heap before
{Heap before GC invocations=1885 (full 5):
 PSYoungGen      total 11776K, used 11328K [0x00000000d5580000, 0x00000000d6300000, 0x0000000100000000)
  eden space 9728K, 100% used [0x00000000d5580000,0x00000000d5f00000,0x00000000d5f00000)
  from space 2048K, 78% used [0x00000000d6100000,0x00000000d6290000,0x00000000d6300000)
  to   space 2048K, 0% used [0x00000000d5f00000,0x00000000d5f00000,0x00000000d6100000)
 ParOldGen       total 363008K, used 362985K [0x0000000080000000, 0x0000000096280000, 0x00000000d5580000)
  object space 363008K, 99% used [0x0000000080000000,0x000000009627a638,0x0000000096280000)
 Metaspace       used 80888K, committed 82752K, reserved 1179648K
  class space    used 8239K, committed 9088K, reserved 1048576K
}
Event: 1748.801 GC heap after
{Heap after GC invocations=1885 (full 5):
 PSYoungGen      total 11776K, used 1664K [0x00000000d5580000, 0x00000000d6300000, 0x0000000100000000)
  eden space 9728K, 0% used [0x00000000d5580000,0x00000000d5580000,0x00000000d5f00000)
  from space 2048K, 81% used [0x00000000d5f00000,0x00000000d60a0010,0x00000000d6100000)
  to   space 2048K, 0% used [0x00000000d6100000,0x00000000d6100000,0x00000000d6300000)
 ParOldGen       total 364544K, used 364233K [0x0000000080000000, 0x0000000096400000, 0x00000000d5580000)
  object space 364544K, 99% used [0x0000000080000000,0x00000000963b2638,0x0000000096400000)
 Metaspace       used 80888K, committed 82752K, reserved 1179648K
  class space    used 8239K, committed 9088K, reserved 1048576K
}
Event: 1748.868 GC heap before
{Heap before GC invocations=1886 (full 5):
 PSYoungGen      total 11776K, used 11392K [0x00000000d5580000, 0x00000000d6300000, 0x0000000100000000)
  eden space 9728K, 100% used [0x00000000d5580000,0x00000000d5f00000,0x00000000d5f00000)
  from space 2048K, 81% used [0x00000000d5f00000,0x00000000d60a0010,0x00000000d6100000)
  to   space 2048K, 0% used [0x00000000d6100000,0x00000000d6100000,0x00000000d6300000)
 ParOldGen       total 364544K, used 364233K [0x0000000080000000, 0x0000000096400000, 0x00000000d5580000)
  object space 364544K, 99% used [0x0000000080000000,0x00000000963b2638,0x0000000096400000)
 Metaspace       used 80904K, committed 82752K, reserved 1179648K
  class space    used 8239K, committed 9088K, reserved 1048576K
}
Event: 1748.870 GC heap after
{Heap after GC invocations=1886 (full 5):
 PSYoungGen      total 11776K, used 1568K [0x00000000d5580000, 0x00000000d6300000, 0x0000000100000000)
  eden space 9728K, 0% used [0x00000000d5580000,0x00000000d5580000,0x00000000d5f00000)
  from space 2048K, 76% used [0x00000000d6100000,0x00000000d6288000,0x00000000d6300000)
  to   space 2048K, 0% used [0x00000000d5f00000,0x00000000d5f00000,0x00000000d6100000)
 ParOldGen       total 366080K, used 365657K [0x0000000080000000, 0x0000000096580000, 0x00000000d5580000)
  object space 366080K, 99% used [0x0000000080000000,0x0000000096516648,0x0000000096580000)
 Metaspace       used 80904K, committed 82752K, reserved 1179648K
  class space    used 8239K, committed 9088K, reserved 1048576K
}
Event: 1748.946 GC heap before
{Heap before GC invocations=1887 (full 5):
 PSYoungGen      total 11776K, used 11296K [0x00000000d5580000, 0x00000000d6300000, 0x0000000100000000)
  eden space 9728K, 100% used [0x00000000d5580000,0x00000000d5f00000,0x00000000d5f00000)
  from space 2048K, 76% used [0x00000000d6100000,0x00000000d6288000,0x00000000d6300000)
  to   space 2048K, 0% used [0x00000000d5f00000,0x00000000d5f00000,0x00000000d6100000)
 ParOldGen       total 366080K, used 365657K [0x0000000080000000, 0x0000000096580000, 0x00000000d5580000)
  object space 366080K, 99% used [0x0000000080000000,0x0000000096516648,0x0000000096580000)
 Metaspace       used 80952K, committed 82816K, reserved 1179648K
  class space    used 8241K, committed 9088K, reserved 1048576K
}
Event: 1748.950 GC heap after
{Heap after GC invocations=1887 (full 5):
 PSYoungGen      total 11264K, used 1408K [0x00000000d5580000, 0x00000000d6200000, 0x0000000100000000)
  eden space 9728K, 0% used [0x00000000d5580000,0x00000000d5580000,0x00000000d5f00000)
  from space 1536K, 91% used [0x00000000d5f00000,0x00000000d6060000,0x00000000d6080000)
  to   space 1536K, 0% used [0x00000000d6080000,0x00000000d6080000,0x00000000d6200000)
 ParOldGen       total 367104K, used 366977K [0x0000000080000000, 0x0000000096680000, 0x00000000d5580000)
  object space 367104K, 99% used [0x0000000080000000,0x0000000096660648,0x0000000096680000)
 Metaspace       used 80952K, committed 82816K, reserved 1179648K
  class space    used 8241K, committed 9088K, reserved 1048576K
}
Event: 1749.008 GC heap before
{Heap before GC invocations=1888 (full 5):
 PSYoungGen      total 11264K, used 11136K [0x00000000d5580000, 0x00000000d6200000, 0x0000000100000000)
  eden space 9728K, 100% used [0x00000000d5580000,0x00000000d5f00000,0x00000000d5f00000)
  from space 1536K, 91% used [0x00000000d5f00000,0x00000000d6060000,0x00000000d6080000)
  to   space 1536K, 0% used [0x00000000d6080000,0x00000000d6080000,0x00000000d6200000)
 ParOldGen       total 367104K, used 366977K [0x0000000080000000, 0x0000000096680000, 0x00000000d5580000)
  object space 367104K, 99% used [0x0000000080000000,0x0000000096660648,0x0000000096680000)
 Metaspace       used 80963K, committed 82816K, reserved 1179648K
  class space    used 8241K, committed 9088K, reserved 1048576K
}
Event: 1749.009 GC heap after
{Heap after GC invocations=1888 (full 5):
 PSYoungGen      total 11264K, used 1120K [0x00000000d5580000, 0x00000000d6200000, 0x0000000100000000)
  eden space 9728K, 0% used [0x00000000d5580000,0x00000000d5580000,0x00000000d5f00000)
  from space 1536K, 72% used [0x00000000d6080000,0x00000000d6198000,0x00000000d6200000)
  to   space 1536K, 0% used [0x00000000d5f00000,0x00000000d5f00000,0x00000000d6080000)
 ParOldGen       total 368640K, used 368169K [0x0000000080000000, 0x0000000096800000, 0x00000000d5580000)
  object space 368640K, 99% used [0x0000000080000000,0x000000009678a648,0x0000000096800000)
 Metaspace       used 80963K, committed 82816K, reserved 1179648K
  class space    used 8241K, committed 9088K, reserved 1048576K
}
Event: 1749.063 GC heap before
{Heap before GC invocations=1889 (full 5):
 PSYoungGen      total 11264K, used 10848K [0x00000000d5580000, 0x00000000d6200000, 0x0000000100000000)
  eden space 9728K, 100% used [0x00000000d5580000,0x00000000d5f00000,0x00000000d5f00000)
  from space 1536K, 72% used [0x00000000d6080000,0x00000000d6198000,0x00000000d6200000)
  to   space 1536K, 0% used [0x00000000d5f00000,0x00000000d5f00000,0x00000000d6080000)
 ParOldGen       total 368640K, used 368169K [0x0000000080000000, 0x0000000096800000, 0x00000000d5580000)
  object space 368640K, 99% used [0x0000000080000000,0x000000009678a648,0x0000000096800000)
 Metaspace       used 80999K, committed 82816K, reserved 1179648K
  class space    used 8241K, committed 9088K, reserved 1048576K
}
Event: 1749.066 GC heap after
{Heap after GC invocations=1889 (full 5):
 PSYoungGen      total 11264K, used 1504K [0x00000000d5580000, 0x00000000d6500000, 0x0000000100000000)
  eden space 9728K, 0% used [0x00000000d5580000,0x00000000d5580000,0x00000000d5f00000)
  from space 1536K, 97% used [0x00000000d5f00000,0x00000000d6078010,0x00000000d6080000)
  to   space 3072K, 0% used [0x00000000d6200000,0x00000000d6200000,0x00000000d6500000)
 ParOldGen       total 369152K, used 369129K [0x0000000080000000, 0x0000000096880000, 0x00000000d5580000)
  object space 369152K, 99% used [0x0000000080000000,0x000000009687a648,0x0000000096880000)
 Metaspace       used 80999K, committed 82816K, reserved 1179648K
  class space    used 8241K, committed 9088K, reserved 1048576K
}
Event: 1749.107 GC heap before
{Heap before GC invocations=1890 (full 5):
 PSYoungGen      total 11264K, used 11232K [0x00000000d5580000, 0x00000000d6500000, 0x0000000100000000)
  eden space 9728K, 100% used [0x00000000d5580000,0x00000000d5f00000,0x00000000d5f00000)
  from space 1536K, 97% used [0x00000000d5f00000,0x00000000d6078010,0x00000000d6080000)
  to   space 3072K, 0% used [0x00000000d6200000,0x00000000d6200000,0x00000000d6500000)
 ParOldGen       total 369152K, used 369129K [0x0000000080000000, 0x0000000096880000, 0x00000000d5580000)
  object space 369152K, 99% used [0x0000000080000000,0x000000009687a648,0x0000000096880000)
 Metaspace       used 81016K, committed 82880K, reserved 1179648K
  class space    used 8241K, committed 9088K, reserved 1048576K
}
Event: 1749.109 GC heap after
{Heap after GC invocations=1890 (full 5):
 PSYoungGen      total 11264K, used 1344K [0x00000000d5580000, 0x00000000d6380000, 0x0000000100000000)
  eden space 9728K, 0% used [0x00000000d5580000,0x00000000d5580000,0x00000000d5f00000)
  from space 1536K, 87% used [0x00000000d6200000,0x00000000d6350000,0x00000000d6380000)
  to   space 2048K, 0% used [0x00000000d5f80000,0x00000000d5f80000,0x00000000d6180000)
 ParOldGen       total 370688K, used 370581K [0x0000000080000000, 0x0000000096a00000, 0x00000000d5580000)
  object space 370688K, 99% used [0x0000000080000000,0x00000000969e54d8,0x0000000096a00000)
 Metaspace       used 81016K, committed 82880K, reserved 1179648K
  class space    used 8241K, committed 9088K, reserved 1048576K
}
Event: 1790.601 GC heap before
{Heap before GC invocations=1891 (full 5):
 PSYoungGen      total 11264K, used 11069K [0x00000000d5580000, 0x00000000d6380000, 0x0000000100000000)
  eden space 9728K, 99% used [0x00000000d5580000,0x00000000d5eff470,0x00000000d5f00000)
  from space 1536K, 87% used [0x00000000d6200000,0x00000000d6350000,0x00000000d6380000)
  to   space 2048K, 0% used [0x00000000d5f80000,0x00000000d5f80000,0x00000000d6180000)
 ParOldGen       total 370688K, used 370581K [0x0000000080000000, 0x0000000096a00000, 0x00000000d5580000)
  object space 370688K, 99% used [0x0000000080000000,0x00000000969e54d8,0x0000000096a00000)
 Metaspace       used 81023K, committed 82880K, reserved 1179648K
  class space    used 8241K, committed 9088K, reserved 1048576K
}
Event: 1790.609 GC heap after
{Heap after GC invocations=1891 (full 5):
 PSYoungGen      total 11264K, used 1264K [0x00000000d5580000, 0x00000000d6280000, 0x0000000100000000)
  eden space 9728K, 0% used [0x00000000d5580000,0x00000000d5580000,0x00000000d5f00000)
  from space 1536K, 82% used [0x00000000d5f80000,0x00000000d60bc010,0x00000000d6100000)
  to   space 1536K, 0% used [0x00000000d6100000,0x00000000d6100000,0x00000000d6280000)
 ParOldGen       total 371712K, used 371661K [0x0000000080000000, 0x0000000096b00000, 0x00000000d5580000)
  object space 371712K, 99% used [0x0000000080000000,0x0000000096af34d8,0x0000000096b00000)
 Metaspace       used 81023K, committed 82880K, reserved 1179648K
  class space    used 8241K, committed 9088K, reserved 1048576K
}
Event: 1790.629 GC heap before
{Heap before GC invocations=1892 (full 5):
 PSYoungGen      total 11264K, used 10992K [0x00000000d5580000, 0x00000000d6280000, 0x0000000100000000)
  eden space 9728K, 100% used [0x00000000d5580000,0x00000000d5f00000,0x00000000d5f00000)
  from space 1536K, 82% used [0x00000000d5f80000,0x00000000d60bc010,0x00000000d6100000)
  to   space 1536K, 0% used [0x00000000d6100000,0x00000000d6100000,0x00000000d6280000)
 ParOldGen       total 371712K, used 371661K [0x0000000080000000, 0x0000000096b00000, 0x00000000d5580000)
  object space 371712K, 99% used [0x0000000080000000,0x0000000096af34d8,0x0000000096b00000)
 Metaspace       used 81024K, committed 82880K, reserved 1179648K
  class space    used 8241K, committed 9088K, reserved 1048576K
}
Event: 1790.635 GC heap after
{Heap after GC invocations=1892 (full 5):
 PSYoungGen      total 10752K, used 793K [0x00000000d5580000, 0x00000000d6200000, 0x0000000100000000)
  eden space 9728K, 0% used [0x00000000d5580000,0x00000000d5580000,0x00000000d5f00000)
  from space 1024K, 77% used [0x00000000d6100000,0x00000000d61c6430,0x00000000d6200000)
  to   space 1024K, 0% used [0x00000000d6000000,0x00000000d6000000,0x00000000d6100000)
 ParOldGen       total 372736K, used 372709K [0x0000000080000000, 0x0000000096c00000, 0x00000000d5580000)
  object space 372736K, 99% used [0x0000000080000000,0x0000000096bf94d8,0x0000000096c00000)
 Metaspace       used 81024K, committed 82880K, reserved 1179648K
  class space    used 8241K, committed 9088K, reserved 1048576K
}
Event: 1791.071 GC heap before
{Heap before GC invocations=1893 (full 5):
 PSYoungGen      total 10752K, used 10521K [0x00000000d5580000, 0x00000000d6200000, 0x0000000100000000)
  eden space 9728K, 100% used [0x00000000d5580000,0x00000000d5f00000,0x00000000d5f00000)
  from space 1024K, 77% used [0x00000000d6100000,0x00000000d61c6430,0x00000000d6200000)
  to   space 1024K, 0% used [0x00000000d6000000,0x00000000d6000000,0x00000000d6100000)
 ParOldGen       total 372736K, used 372709K [0x0000000080000000, 0x0000000096c00000, 0x00000000d5580000)
  object space 372736K, 99% used [0x0000000080000000,0x0000000096bf94d8,0x0000000096c00000)
 Metaspace       used 81027K, committed 82880K, reserved 1179648K
  class space    used 8241K, committed 9088K, reserved 1048576K
}
Event: 1791.074 GC heap after
{Heap after GC invocations=1893 (full 5):
 PSYoungGen      total 10752K, used 1017K [0x00000000d5580000, 0x00000000d6300000, 0x0000000100000000)
  eden space 9728K, 0% used [0x00000000d5580000,0x00000000d5580000,0x00000000d5f00000)
  from space 1024K, 99% used [0x00000000d6000000,0x00000000d60fe410,0x00000000d6100000)
  to   space 2048K, 0% used [0x00000000d6100000,0x00000000d6100000,0x00000000d6300000)
 ParOldGen       total 373760K, used 373406K [0x0000000080000000, 0x0000000096d00000, 0x00000000d5580000)
  object space 373760K, 99% used [0x0000000080000000,0x0000000096ca7908,0x0000000096d00000)
 Metaspace       used 81027K, committed 82880K, reserved 1179648K
  class space    used 8241K, committed 9088K, reserved 1048576K
}
Event: 1791.091 GC heap before
{Heap before GC invocations=1894 (full 5):
 PSYoungGen      total 10752K, used 10745K [0x00000000d5580000, 0x00000000d6300000, 0x0000000100000000)
  eden space 9728K, 100% used [0x00000000d5580000,0x00000000d5f00000,0x00000000d5f00000)
  from space 1024K, 99% used [0x00000000d6000000,0x00000000d60fe410,0x00000000d6100000)
  to   space 2048K, 0% used [0x00000000d6100000,0x00000000d6100000,0x00000000d6300000)
 ParOldGen       total 373760K, used 373406K [0x0000000080000000, 0x0000000096d00000, 0x00000000d5580000)
  object space 373760K, 99% used [0x0000000080000000,0x0000000096ca7908,0x0000000096d00000)
 Metaspace       used 81028K, committed 82880K, reserved 1179648K
  class space    used 8241K, committed 9088K, reserved 1048576K
}
Event: 1791.093 GC heap after
{Heap after GC invocations=1894 (full 5):
 PSYoungGen      total 10752K, used 681K [0x00000000d5580000, 0x00000000d6200000, 0x0000000100000000)
  eden space 9728K, 0% used [0x00000000d5580000,0x00000000d5580000,0x00000000d5f00000)
  from space 1024K, 66% used [0x00000000d6100000,0x00000000d61aa400,0x00000000d6200000)
  to   space 1536K, 0% used [0x00000000d5f00000,0x00000000d5f00000,0x00000000d6080000)
 ParOldGen       total 373760K, used 373654K [0x0000000080000000, 0x0000000096d00000, 0x00000000d5580000)
  object space 373760K, 99% used [0x0000000080000000,0x0000000096ce5908,0x0000000096d00000)
 Metaspace       used 81028K, committed 82880K, reserved 1179648K
  class space    used 8241K, committed 9088K, reserved 1048576K
}

